This is pdfTeX, Version 3.1415926-1.40.10 (MiKTeX 2.8) (preloaded format=pdflatex 2011.8.17)  18 DEC 2011 14:11
entering extended mode
**report.tex
(D:\ETH\Courses\Matlab\Project\share\doc\report\report.tex
LaTeX2e <2009/09/24>
Babel <v3.8l> and hyphenation patterns for english, dumylang, nohyphenation, ge
rman, ngerman, german-x-2009-06-19, ngerman-x-2009-06-19, french, loaded.
(C:\CTEX\MiKTeX\tex\latex\base\article.cls
Document Class: article 2007/10/19 v1.4h Standard LaTeX document class
(C:\CTEX\MiKTeX\tex\latex\base\size11.clo
File: size11.clo 2007/10/19 v1.4h Standard LaTeX file (size option)
)
\c@part=\count79
\c@section=\count80
\c@subsection=\count81
\c@subsubsection=\count82
\c@paragraph=\count83
\c@subparagraph=\count84
\c@figure=\count85
\c@table=\count86
\abovecaptionskip=\skip41
\belowcaptionskip=\skip42
\bibindent=\dimen102
)
(C:\CTEX\MiKTeX\tex\latex\geometry\geometry.sty
Package: geometry 2008/12/21 v4.2 Page Geometry

(C:\CTEX\MiKTeX\tex\latex\graphics\keyval.sty
Package: keyval 1999/03/16 v1.13 key=value parser (DPC)
\KV@toks@=\toks14
)
(C:\CTEX\MiKTeX\tex\generic\oberdiek\ifpdf.sty
Package: ifpdf 2009/04/10 v2.0 Provides the ifpdf switch (HO)
Package ifpdf Info: pdfTeX in pdf mode detected.
)
(C:\CTEX\MiKTeX\tex\generic\oberdiek\ifvtex.sty
Package: ifvtex 2008/11/04 v1.4 Switches for detecting VTeX and its modes (HO)
Package ifvtex Info: VTeX not detected.
)
\Gm@cnth=\count87
\Gm@cntv=\count88
\c@Gm@tempcnt=\count89
\Gm@bindingoffset=\dimen103
\Gm@wd@mp=\dimen104
\Gm@odd@mp=\dimen105
\Gm@even@mp=\dimen106
\Gm@dimlist=\toks15

(C:\CTEX\MiKTeX\tex\latex\geometry\geometry.cfg))
(C:\CTEX\MiKTeX\tex\latex\graphics\graphicx.sty
Package: graphicx 1999/02/16 v1.0f Enhanced LaTeX Graphics (DPC,SPQR)

(C:\CTEX\MiKTeX\tex\latex\graphics\graphics.sty
Package: graphics 2009/02/05 v1.0o Standard LaTeX Graphics (DPC,SPQR)

(C:\CTEX\MiKTeX\tex\latex\graphics\trig.sty
Package: trig 1999/03/16 v1.09 sin cos tan (DPC)
)
(C:\CTEX\MiKTeX\tex\latex\00miktex\graphics.cfg
File: graphics.cfg 2007/01/18 v1.5 graphics configuration of teTeX/TeXLive
)
Package graphics Info: Driver file: pdftex.def on input line 91.

(C:\CTEX\MiKTeX\tex\latex\pdftex-def\pdftex.def
File: pdftex.def 2009/08/25 v0.04m Graphics/color for pdfTeX
\Gread@gobject=\count90
))
\Gin@req@height=\dimen107
\Gin@req@width=\dimen108
)
(C:\CTEX\MiKTeX\tex\latex\amsfonts\amssymb.sty
Package: amssymb 2009/06/22 v3.00

(C:\CTEX\MiKTeX\tex\latex\amsfonts\amsfonts.sty
Package: amsfonts 2009/06/22 v3.00 Basic AMSFonts support
\@emptytoks=\toks16
\symAMSa=\mathgroup4
\symAMSb=\mathgroup5
LaTeX Font Info:    Overwriting math alphabet `\mathfrak' in version `bold'
(Font)                  U/euf/m/n --> U/euf/b/n on input line 96.
))
(C:\CTEX\MiKTeX\tex\latex\oberdiek\epstopdf.sty
Package: epstopdf 2009/10/17 v2.4 Conversion with epstopdf on the fly (HO)

(C:\CTEX\MiKTeX\tex\latex\oberdiek\epstopdf-base.sty
Package: epstopdf-base 2009/10/17 v2.4 Base part for package epstopdf

(C:\CTEX\MiKTeX\tex\generic\oberdiek\infwarerr.sty
Package: infwarerr 2007/09/09 v1.2 Providing info/warning/message (HO)
)
(C:\CTEX\MiKTeX\tex\latex\oberdiek\grfext.sty
Package: grfext 2007/09/30 v1.0 Managing graphics extensions (HO)
)
(C:\CTEX\MiKTeX\tex\latex\oberdiek\kvoptions.sty
Package: kvoptions 2009/12/08 v3.6 Keyval support for LaTeX options (HO)

(C:\CTEX\MiKTeX\tex\generic\oberdiek\kvsetkeys.sty
Package: kvsetkeys 2009/12/22 v1.7 Key value parser (HO)

(C:\CTEX\MiKTeX\tex\generic\oberdiek\etexcmds.sty
Package: etexcmds 2007/12/12 v1.2 Prefix for e-TeX command names (HO)
Package etexcmds Info: Could not find \expanded.
(etexcmds)             That can mean that you are not using pdfTeX 1.50 or
(etexcmds)             that some package has redefined \expanded.
(etexcmds)             In the latter case, load this package earlier.
)))
(C:\CTEX\MiKTeX\tex\generic\oberdiek\pdftexcmds.sty
Package: pdftexcmds 2009/12/12 v0.7 Utility functions of pdfTeX for LuaTeX (HO)


(C:\CTEX\MiKTeX\tex\generic\oberdiek\ifluatex.sty
Package: ifluatex 2009/04/17 v1.2 Provides the ifluatex switch (HO)
Package ifluatex Info: LuaTeX not detected.
)
(C:\CTEX\MiKTeX\tex\generic\oberdiek\ltxcmds.sty
Package: ltxcmds 2009/12/12 v1.1 LaTeX kernel commands for general use (HO)
)
Package pdftexcmds Info: LuaTeX not detected.
Package pdftexcmds Info: \pdf@primitive is available.
Package pdftexcmds Info: \pdf@ifprimitive is available.
)
Package grfext Info: Graphics extension search list:
(grfext)             [.png,.pdf,.jpg,.mps,.jpeg,.jbig2,.jb2,.PNG,.PDF,.JPG,.JPE
G,.JBIG2,.JB2,.eps]
(grfext)             \AppendGraphicsExtensions on input line 433.
))
(C:\CTEX\MiKTeX\tex\latex\natbib\natbib.sty
Package: natbib 2009/11/07 8.31a (PWD, AO)
\bibhang=\skip43
\bibsep=\skip44
LaTeX Info: Redefining \cite on input line 694.
\c@NAT@ctr=\count91
)
(C:\CTEX\MiKTeX\tex\latex\ams\math\amsmath.sty
Package: amsmath 2000/07/18 v2.13 AMS math features
\@mathmargin=\skip45

For additional information on amsmath, use the `?' option.
(C:\CTEX\MiKTeX\tex\latex\ams\math\amstext.sty
Package: amstext 2000/06/29 v2.01

(C:\CTEX\MiKTeX\tex\latex\ams\math\amsgen.sty
File: amsgen.sty 1999/11/30 v2.0
\@emptytoks=\toks17
\ex@=\dimen109
))
(C:\CTEX\MiKTeX\tex\latex\ams\math\amsbsy.sty
Package: amsbsy 1999/11/29 v1.2d
\pmbraise@=\dimen110
)
(C:\CTEX\MiKTeX\tex\latex\ams\math\amsopn.sty
Package: amsopn 1999/12/14 v2.01 operator names
)
\inf@bad=\count92
LaTeX Info: Redefining \frac on input line 211.
\uproot@=\count93
\leftroot@=\count94
LaTeX Info: Redefining \overline on input line 307.
\classnum@=\count95
\DOTSCASE@=\count96
LaTeX Info: Redefining \ldots on input line 379.
LaTeX Info: Redefining \dots on input line 382.
LaTeX Info: Redefining \cdots on input line 467.
\Mathstrutbox@=\box26
\strutbox@=\box27
\big@size=\dimen111
LaTeX Font Info:    Redeclaring font encoding OML on input line 567.
LaTeX Font Info:    Redeclaring font encoding OMS on input line 568.
\macc@depth=\count97
\c@MaxMatrixCols=\count98
\dotsspace@=\muskip10
\c@parentequation=\count99
\dspbrk@lvl=\count100
\tag@help=\toks18
\row@=\count101
\column@=\count102
\maxfields@=\count103
\andhelp@=\toks19
\eqnshift@=\dimen112
\alignsep@=\dimen113
\tagshift@=\dimen114
\tagwidth@=\dimen115
\totwidth@=\dimen116
\lineht@=\dimen117
\@envbody=\toks20
\multlinegap=\skip46
\multlinetaggap=\skip47
\mathdisplay@stack=\toks21
LaTeX Info: Redefining \[ on input line 2666.
LaTeX Info: Redefining \] on input line 2667.
)
(C:\CTEX\MiKTeX\tex\latex\listings\listings.sty
\lst@mode=\count104
\lst@gtempboxa=\box28
\lst@token=\toks22
\lst@length=\count105
\lst@currlwidth=\dimen118
\lst@column=\count106
\lst@pos=\count107
\lst@lostspace=\dimen119
\lst@width=\dimen120
\lst@newlines=\count108
\lst@lineno=\count109
\lst@maxwidth=\dimen121

(C:\CTEX\MiKTeX\tex\latex\listings\lstmisc.sty
File: lstmisc.sty 2007/02/22 1.4 (Carsten Heinz)
\c@lstnumber=\count110
\lst@skipnumbers=\count111
\lst@framebox=\box29
)
(C:\CTEX\MiKTeX\tex\latex\listings\listings.cfg
File: listings.cfg 2007/02/22 1.4 listings configuration
))
Package: listings 2007/02/22 1.4 (Carsten Heinz)

(C:\CTEX\MiKTeX\tex\latex\pdfpages\pdfpages.sty
Package: pdfpages 2010/01/12 v0.4j Insert pages of external PDF documents (AM)

(C:\CTEX\MiKTeX\tex\latex\base\ifthen.sty
Package: ifthen 2001/05/26 v1.1c Standard LaTeX ifthen package (DPC)
)
(C:\CTEX\MiKTeX\tex\latex\tools\calc.sty
Package: calc 2007/08/22 v4.3 Infix arithmetic (KKT,FJ)
\calc@Acount=\count112
\calc@Bcount=\count113
\calc@Adimen=\dimen122
\calc@Bdimen=\dimen123
\calc@Askip=\skip48
\calc@Bskip=\skip49
LaTeX Info: Redefining \setlength on input line 76.
LaTeX Info: Redefining \addtolength on input line 77.
\calc@Ccount=\count114
\calc@Cskip=\skip50
)
(C:\CTEX\MiKTeX\tex\latex\eso-pic\eso-pic.sty
Package: eso-pic 2009/10/07 v2.0a eso-pic (RN)

(C:\CTEX\MiKTeX\tex\generic\oberdiek\atbegshi.sty
Package: atbegshi 2009/12/02 v1.10 At begin shipout hook (HO)
)
(C:\CTEX\MiKTeX\tex\latex\xcolor\xcolor.sty
Package: xcolor 2007/01/21 v2.11 LaTeX color extensions (UK)

(C:\CTEX\MiKTeX\tex\latex\00miktex\color.cfg
File: color.cfg 2007/01/18 v1.5 color configuration of teTeX/TeXLive
)
Package xcolor Info: Driver file: pdftex.def on input line 225.
Package xcolor Info: Model `cmy' substituted by `cmy0' on input line 1337.
Package xcolor Info: Model `hsb' substituted by `rgb' on input line 1341.
Package xcolor Info: Model `RGB' extended on input line 1353.
Package xcolor Info: Model `HTML' substituted by `rgb' on input line 1355.
Package xcolor Info: Model `Hsb' substituted by `hsb' on input line 1356.
Package xcolor Info: Model `tHsb' substituted by `hsb' on input line 1357.
Package xcolor Info: Model `HSB' substituted by `hsb' on input line 1358.
Package xcolor Info: Model `Gray' substituted by `gray' on input line 1359.
Package xcolor Info: Model `wave' substituted by `hsb' on input line 1360.
))
(C:\CTEX\MiKTeX\tex\latex\pdfpages\pppdftex.def
File: pppdftex.def 2010/01/12 v0.4j Pdfpages driver for pdfTeX (AM)
)
\AM@pagebox=\box30
\AM@toc@title=\toks23
\c@AM@survey=\count115
\AM@templatesizebox=\box31
)
(D:\ETH\Courses\Matlab\Project\share\doc\report\mcode.sty
-- Package: `mcode' 2.2 <2011/08/26> --
Package: mcode 2011/08/26 2.2
 - settings optimized for display (colour formating)
 - line numbering enabled
 - literate programming (character replacements) enabled
 - automatic line breaking enabled (careful, buggy!)
 - framed listings
(C:\CTEX\MiKTeX\tex\latex\base\textcomp.sty
Package: textcomp 2005/09/27 v1.99g Standard LaTeX package
Package textcomp Info: Sub-encoding information:
(textcomp)               5 = only ISO-Adobe without \textcurrency
(textcomp)               4 = 5 + \texteuro
(textcomp)               3 = 4 + \textohm
(textcomp)               2 = 3 + \textestimated + \textcurrency
(textcomp)               1 = TS1 - \textcircled - \t
(textcomp)               0 = TS1 (full)
(textcomp)             Font families with sub-encoding setting implement
(textcomp)             only a restricted character set as indicated.
(textcomp)             Family '?' is the default used for unknown fonts.
(textcomp)             See the documentation for details.
Package textcomp Info: Setting ? sub-encoding to TS1/1 on input line 71.

(C:\CTEX\MiKTeX\tex\latex\base\ts1enc.def
File: ts1enc.def 2001/06/05 v3.0e (jk/car/fm) Standard LaTeX file
)
LaTeX Info: Redefining \oldstylenums on input line 266.
Package textcomp Info: Setting cmr sub-encoding to TS1/0 on input line 281.
Package textcomp Info: Setting cmss sub-encoding to TS1/0 on input line 282.
Package textcomp Info: Setting cmtt sub-encoding to TS1/0 on input line 283.
Package textcomp Info: Setting cmvtt sub-encoding to TS1/0 on input line 284.
Package textcomp Info: Setting cmbr sub-encoding to TS1/0 on input line 285.
Package textcomp Info: Setting cmtl sub-encoding to TS1/0 on input line 286.
Package textcomp Info: Setting ccr sub-encoding to TS1/0 on input line 287.
Package textcomp Info: Setting ptm sub-encoding to TS1/4 on input line 288.
Package textcomp Info: Setting pcr sub-encoding to TS1/4 on input line 289.
Package textcomp Info: Setting phv sub-encoding to TS1/4 on input line 290.
Package textcomp Info: Setting ppl sub-encoding to TS1/3 on input line 291.
Package textcomp Info: Setting pag sub-encoding to TS1/4 on input line 292.
Package textcomp Info: Setting pbk sub-encoding to TS1/4 on input line 293.
Package textcomp Info: Setting pnc sub-encoding to TS1/4 on input line 294.
Package textcomp Info: Setting pzc sub-encoding to TS1/4 on input line 295.
Package textcomp Info: Setting bch sub-encoding to TS1/4 on input line 296.
Package textcomp Info: Setting put sub-encoding to TS1/5 on input line 297.
Package textcomp Info: Setting uag sub-encoding to TS1/5 on input line 298.
Package textcomp Info: Setting ugq sub-encoding to TS1/5 on input line 299.
Package textcomp Info: Setting ul8 sub-encoding to TS1/4 on input line 300.
Package textcomp Info: Setting ul9 sub-encoding to TS1/4 on input line 301.
Package textcomp Info: Setting augie sub-encoding to TS1/5 on input line 302.
Package textcomp Info: Setting dayrom sub-encoding to TS1/3 on input line 303.
Package textcomp Info: Setting dayroms sub-encoding to TS1/3 on input line 304.

Package textcomp Info: Setting pxr sub-encoding to TS1/0 on input line 305.
Package textcomp Info: Setting pxss sub-encoding to TS1/0 on input line 306.
Package textcomp Info: Setting pxtt sub-encoding to TS1/0 on input line 307.
Package textcomp Info: Setting txr sub-encoding to TS1/0 on input line 308.
Package textcomp Info: Setting txss sub-encoding to TS1/0 on input line 309.
Package textcomp Info: Setting txtt sub-encoding to TS1/0 on input line 310.
Package textcomp Info: Setting futs sub-encoding to TS1/4 on input line 311.
Package textcomp Info: Setting futx sub-encoding to TS1/4 on input line 312.
Package textcomp Info: Setting futj sub-encoding to TS1/4 on input line 313.
Package textcomp Info: Setting hlh sub-encoding to TS1/3 on input line 314.
Package textcomp Info: Setting hls sub-encoding to TS1/3 on input line 315.
Package textcomp Info: Setting hlst sub-encoding to TS1/3 on input line 316.
Package textcomp Info: Setting hlct sub-encoding to TS1/5 on input line 317.
Package textcomp Info: Setting hlx sub-encoding to TS1/5 on input line 318.
Package textcomp Info: Setting hlce sub-encoding to TS1/5 on input line 319.
Package textcomp Info: Setting hlcn sub-encoding to TS1/5 on input line 320.
Package textcomp Info: Setting hlcw sub-encoding to TS1/5 on input line 321.
Package textcomp Info: Setting hlcf sub-encoding to TS1/5 on input line 322.
Package textcomp Info: Setting pplx sub-encoding to TS1/3 on input line 323.
Package textcomp Info: Setting pplj sub-encoding to TS1/3 on input line 324.
Package textcomp Info: Setting ptmx sub-encoding to TS1/4 on input line 325.
Package textcomp Info: Setting ptmj sub-encoding to TS1/4 on input line 326.
)
\lbreakdots=\box32
LaTeX Font Info:    Try loading font information for OT1+pcr on input line 217.


(C:\CTEX\MiKTeX\tex\latex\psnfss\ot1pcr.fd
File: ot1pcr.fd 2001/06/04 font definitions for OT1/pcr.
))
(C:\CTEX\MiKTeX\tex\latex\pgf\frontendlayer\tikz.sty
(C:\CTEX\MiKTeX\tex\latex\pgf\basiclayer\pgf.sty
(C:\CTEX\MiKTeX\tex\latex\pgf\utilities\pgfrcs.sty
(C:\CTEX\MiKTeX\tex\generic\pgf\utilities\pgfutil-common.tex
\pgfutil@everybye=\toks24
)
(C:\CTEX\MiKTeX\tex\generic\pgf\utilities\pgfutil-latex.def)
(C:\CTEX\MiKTeX\tex\generic\pgf\utilities\pgfrcs.code.tex
Package: pgfrcs 2008/02/20 v2.00 (rcs-revision 1.21)
))
Package: pgf 2008/01/15 v2.00 (rcs-revision 1.12)

(C:\CTEX\MiKTeX\tex\latex\pgf\basiclayer\pgfcore.sty
(C:\CTEX\MiKTeX\tex\latex\pgf\systemlayer\pgfsys.sty
(C:\CTEX\MiKTeX\tex\generic\pgf\systemlayer\pgfsys.code.tex
Package: pgfsys 2008/02/07 v2.00 (rcs-revision 1.31)

(C:\CTEX\MiKTeX\tex\generic\pgf\utilities\pgfkeys.code.tex
\pgfkeys@pathtoks=\toks25
\pgfkeys@temptoks=\toks26
)
\pgf@x=\dimen124
\pgf@y=\dimen125
\pgf@xa=\dimen126
\pgf@ya=\dimen127
\pgf@xb=\dimen128
\pgf@yb=\dimen129
\pgf@xc=\dimen130
\pgf@yc=\dimen131
\c@pgf@counta=\count116
\c@pgf@countb=\count117
\c@pgf@countc=\count118
\c@pgf@countd=\count119

(C:\CTEX\MiKTeX\tex\generic\pgf\systemlayer\pgf.cfg
File: pgf.cfg 2008/01/13  (rcs-revision 1.6)
)
Package pgfsys Info: Driver file for pgf: pgfsys-pdftex.def on input line 885.

(C:\CTEX\MiKTeX\tex\generic\pgf\systemlayer\pgfsys-pdftex.def
File: pgfsys-pdftex.def 2007/12/20  (rcs-revision 1.20)

(C:\CTEX\MiKTeX\tex\generic\pgf\systemlayer\pgfsys-common-pdf.def
File: pgfsys-common-pdf.def 2007/12/17  (rcs-revision 1.8)
)))
(C:\CTEX\MiKTeX\tex\generic\pgf\systemlayer\pgfsyssoftpath.code.tex
File: pgfsyssoftpath.code.tex 2008/01/23  (rcs-revision 1.6)
\pgfsyssoftpath@smallbuffer@items=\count120
\pgfsyssoftpath@bigbuffer@items=\count121
)
(C:\CTEX\MiKTeX\tex\generic\pgf\systemlayer\pgfsysprotocol.code.tex
File: pgfsysprotocol.code.tex 2006/10/16  (rcs-revision 1.4)
))
(C:\CTEX\MiKTeX\tex\generic\pgf\basiclayer\pgfcore.code.tex
Package: pgfcore 2008/01/15 v2.00 (rcs-revision 1.6)

(C:\CTEX\MiKTeX\tex\generic\pgf\math\pgfmath.code.tex
(C:\CTEX\MiKTeX\tex\generic\pgf\math\pgfmathcalc.code.tex
(C:\CTEX\MiKTeX\tex\generic\pgf\math\pgfmathutil.code.tex
\pgfmath@box=\box33
)
(C:\CTEX\MiKTeX\tex\generic\pgf\math\pgfmathparser.code.tex
\pgfmath@stack=\toks27
\c@pgfmath@parsecounta=\count122
\c@pgfmath@parsecountb=\count123
\c@pgfmath@parsecountc=\count124
\pgfmath@parsex=\dimen132
)
(C:\CTEX\MiKTeX\tex\generic\pgf\math\pgfmathoperations.code.tex
(C:\CTEX\MiKTeX\tex\generic\pgf\math\pgfmathtrig.code.tex)
(C:\CTEX\MiKTeX\tex\generic\pgf\math\pgfmathrnd.code.tex))
(C:\CTEX\MiKTeX\tex\generic\pgf\math\pgfmathbase.code.tex)))
(C:\CTEX\MiKTeX\tex\generic\pgf\basiclayer\pgfcorepoints.code.tex
File: pgfcorepoints.code.tex 2008/02/03  (rcs-revision 1.13)
\pgf@picminx=\dimen133
\pgf@picmaxx=\dimen134
\pgf@picminy=\dimen135
\pgf@picmaxy=\dimen136
\pgf@pathminx=\dimen137
\pgf@pathmaxx=\dimen138
\pgf@pathminy=\dimen139
\pgf@pathmaxy=\dimen140
\pgf@xx=\dimen141
\pgf@xy=\dimen142
\pgf@yx=\dimen143
\pgf@yy=\dimen144
\pgf@zx=\dimen145
\pgf@zy=\dimen146
)
(C:\CTEX\MiKTeX\tex\generic\pgf\basiclayer\pgfcorepathconstruct.code.tex
File: pgfcorepathconstruct.code.tex 2008/02/13  (rcs-revision 1.14)
\pgf@path@lastx=\dimen147
\pgf@path@lasty=\dimen148
)
(C:\CTEX\MiKTeX\tex\generic\pgf\basiclayer\pgfcorepathusage.code.tex
File: pgfcorepathusage.code.tex 2008/01/23  (rcs-revision 1.11)
\pgf@shorten@end@additional=\dimen149
\pgf@shorten@start@additional=\dimen150
)
(C:\CTEX\MiKTeX\tex\generic\pgf\basiclayer\pgfcorescopes.code.tex
File: pgfcorescopes.code.tex 2008/01/15  (rcs-revision 1.26)
\pgfpic=\box34
\pgf@hbox=\box35
\pgf@layerbox@main=\box36
\pgf@picture@serial@count=\count125
)
(C:\CTEX\MiKTeX\tex\generic\pgf\basiclayer\pgfcoregraphicstate.code.tex
File: pgfcoregraphicstate.code.tex 2007/12/12  (rcs-revision 1.8)
\pgflinewidth=\dimen151
)
(C:\CTEX\MiKTeX\tex\generic\pgf\basiclayer\pgfcoretransformations.code.tex
File: pgfcoretransformations.code.tex 2008/02/04  (rcs-revision 1.10)
\pgf@pt@x=\dimen152
\pgf@pt@y=\dimen153
\pgf@pt@temp=\dimen154
)
(C:\CTEX\MiKTeX\tex\generic\pgf\basiclayer\pgfcorequick.code.tex
File: pgfcorequick.code.tex 2006/10/11  (rcs-revision 1.2)
)
(C:\CTEX\MiKTeX\tex\generic\pgf\basiclayer\pgfcoreobjects.code.tex
File: pgfcoreobjects.code.tex 2006/10/11  (rcs-revision 1.2)
)
(C:\CTEX\MiKTeX\tex\generic\pgf\basiclayer\pgfcorepathprocessing.code.tex
File: pgfcorepathprocessing.code.tex 2008/01/23  (rcs-revision 1.7)
)
(C:\CTEX\MiKTeX\tex\generic\pgf\basiclayer\pgfcorearrows.code.tex
File: pgfcorearrows.code.tex 2007/06/07  (rcs-revision 1.8)
)
(C:\CTEX\MiKTeX\tex\generic\pgf\basiclayer\pgfcoreshade.code.tex
File: pgfcoreshade.code.tex 2007/12/10  (rcs-revision 1.9)
\pgf@max=\dimen155
\pgf@sys@shading@range@num=\count126
)
(C:\CTEX\MiKTeX\tex\generic\pgf\basiclayer\pgfcoreimage.code.tex
File: pgfcoreimage.code.tex 2008/01/15  (rcs-revision 1.1)
\pgfexternal@startupbox=\box37
)
(C:\CTEX\MiKTeX\tex\generic\pgf\basiclayer\pgfcorelayers.code.tex
File: pgfcorelayers.code.tex 2008/01/15  (rcs-revision 1.1)
)
(C:\CTEX\MiKTeX\tex\generic\pgf\basiclayer\pgfcoretransparency.code.tex
File: pgfcoretransparency.code.tex 2008/01/17  (rcs-revision 1.2)
)
(C:\CTEX\MiKTeX\tex\generic\pgf\basiclayer\pgfcorepatterns.code.tex
File: pgfcorepatterns.code.tex 2008/01/15  (rcs-revision 1.1)
)))
(C:\CTEX\MiKTeX\tex\generic\pgf\modules\pgfmoduleshapes.code.tex
File: pgfmoduleshapes.code.tex 2008/02/13  (rcs-revision 1.4)
\pgfnodeparttextbox=\box38
\toks@savedmacro=\toks28
)
(C:\CTEX\MiKTeX\tex\generic\pgf\modules\pgfmoduleplot.code.tex
File: pgfmoduleplot.code.tex 2008/01/15  (rcs-revision 1.1)
\pgf@plotwrite=\write3
)
(C:\CTEX\MiKTeX\tex\latex\pgf\compatibility\pgfcomp-version-0-65.sty
Package: pgfcomp-version-0-65 2007/07/03 v2.00 (rcs-revision 1.7)
\pgf@nodesepstart=\dimen156
\pgf@nodesepend=\dimen157
)
(C:\CTEX\MiKTeX\tex\latex\pgf\compatibility\pgfcomp-version-1-18.sty
Package: pgfcomp-version-1-18 2007/07/23 v2.00 (rcs-revision 1.1)
))
(C:\CTEX\MiKTeX\tex\latex\pgf\utilities\pgffor.sty
(C:\CTEX\MiKTeX\tex\generic\pgf\utilities\pgffor.code.tex
Package: pgffor 2007/11/07 v2.00 (rcs-revision 1.8)
\pgffor@iter=\dimen158
\pgffor@skip=\dimen159
))
(C:\CTEX\MiKTeX\tex\generic\pgf\frontendlayer\tikz\tikz.code.tex
Package: tikz 2008/02/13 v2.00 (rcs-revision 1.27)

(C:\CTEX\MiKTeX\tex\generic\pgf\libraries\pgflibraryplothandlers.code.tex
File: pgflibraryplothandlers.code.tex 2007/03/09 v2.00 (rcs-revision 1.9)
\pgf@plot@mark@count=\count127
\pgfplotmarksize=\dimen160
)
\tikz@lastx=\dimen161
\tikz@lasty=\dimen162
\tikz@lastxsaved=\dimen163
\tikz@lastysaved=\dimen164
\tikzleveldistance=\dimen165
\tikzsiblingdistance=\dimen166
\tikz@figbox=\box39
\tikz@tempbox=\box40
\tikztreelevel=\count128
\tikznumberofchildren=\count129
\tikznumberofcurrentchild=\count130
\tikz@fig@count=\count131

(C:\CTEX\MiKTeX\tex\generic\pgf\modules\pgfmodulematrix.code.tex
File: pgfmodulematrix.code.tex 2008/01/15  (rcs-revision 1.1)
\pgfmatrixcurrentrow=\count132
\pgfmatrixcurrentcolumn=\count133
\pgf@matrix@numberofcolumns=\count134
)
\tikz@expandcount=\count135

(C:\CTEX\MiKTeX\tex\generic\pgf\frontendlayer\tikz\libraries\tikzlibrarytopaths
.code.tex
File: tikzlibrarytopaths.code.tex 2008/01/09 v2.00 (rcs-revision 1.1)
))) (C:\CTEX\MiKTeX\tex\latex\subfig\subfig.sty
Package: subfig 2005/06/28 ver: 1.3 subfig package

(C:\CTEX\MiKTeX\tex\latex\caption\caption.sty
Package: caption 2010/01/09 v3.1m Customizing captions (AR)

(C:\CTEX\MiKTeX\tex\latex\caption\caption3.sty
Package: caption3 2010/01/14 v3.1m caption3 kernel (AR)
\captionmargin=\dimen167
\captionmargin@=\dimen168
\captionwidth=\dimen169
\caption@indent=\dimen170
\caption@parindent=\dimen171
\caption@hangindent=\dimen172
)
\c@ContinuedFloat=\count136
Package caption Info: listings package is loaded.
)
\c@KVtest=\count137
\sf@farskip=\skip51
\sf@captopadj=\dimen173
\sf@capskip=\skip52
\sf@nearskip=\skip53
\c@subfigure=\count138
\c@subfigure@save=\count139
\c@lofdepth=\count140
\c@subtable=\count141
\c@subtable@save=\count142
\c@lotdepth=\count143
\sf@top=\skip54
\sf@bottom=\skip55
)
(D:\ETH\Courses\Matlab\Project\share\doc\report\pgf-umlsd.sty
Package: pgf-umlsd 2008/03/20 v0.2 Some LaTeX macros for UML Sequence Diagrams.

\pgf@layerbox@background=\box41
\pgf@layerboxsaved@background=\box42
\pgf@layerbox@threadground=\box43
\pgf@layerboxsaved@threadground=\box44
\c@preinst=\count144
\c@instnum=\count145
\c@threadnum=\count146
\c@seqlevel=\count147
\c@callevel=\count148
\c@looplevel=\count149
)
(D:\ETH\Courses\Matlab\Project\share\doc\report\tikz-uml.sty
Package: tikz-uml 2011/01/26

(C:\CTEX\MiKTeX\tex\latex\xstring\xstring.sty
(C:\CTEX\MiKTeX\tex\generic\xstring\xstring.tex
\@xs@message=\write4
\integerpart=\count150
\decimalpart=\count151
)
Package: xstring 2009/06/05 v1.5c String manipulations (C Tellechea)
)
(C:\CTEX\MiKTeX\tex\latex\pgfopts\pgfopts.sty
Package: pgfopts 2008/06/26 v1.0  LaTeX package options with pgfkeys

(C:\CTEX\MiKTeX\tex\latex\pgf\utilities\pgfkeys.sty
(C:\CTEX\MiKTeX\tex\generic\pgf\utilities\pgfkeys.code.tex)))
(C:\CTEX\MiKTeX\tex\generic\pgf\frontendlayer\tikz\libraries\tikzlibrarybackgro
unds.code.tex
File: tikzlibrarybackgrounds.code.tex 2008/01/09 v2.00 (rcs-revision 1.1)
\pgf@layerbox@background=\box45
\pgf@layerboxsaved@background=\box46
)
(C:\CTEX\MiKTeX\tex\generic\pgf\frontendlayer\tikz\libraries\tikzlibraryarrows.
code.tex
File: tikzlibraryarrows.code.tex 2008/01/09 v2.00 (rcs-revision 1.1)
 (C:\CTEX\MiKTeX\tex\generic\pgf\libraries\pgflibraryarrows.code.tex
File: pgflibraryarrows.code.tex 2007/06/07 v2.00 (rcs-revision 1.7)
))
(C:\CTEX\MiKTeX\tex\generic\pgf\frontendlayer\tikz\libraries\tikzlibraryshapes.
code.tex
File: tikzlibraryshapes.code.tex 2008/01/09 v2.00 (rcs-revision 1.1)

(C:\CTEX\MiKTeX\tex\generic\pgf\frontendlayer\tikz\libraries\tikzlibraryshapes.
geometric.code.tex
File: tikzlibraryshapes.geometric.code.tex 2008/01/09 v2.00 (rcs-revision 1.1)

(C:\CTEX\MiKTeX\tex\generic\pgf\libraries\pgflibraryshapes.geometric.code.tex
File: pgflibraryshapes.geometric.code.tex 2008/02/01 v2.00 (rcs-revision 1.22)
))
(C:\CTEX\MiKTeX\tex\generic\pgf\frontendlayer\tikz\libraries\tikzlibraryshapes.
misc.code.tex
File: tikzlibraryshapes.misc.code.tex 2008/01/09 v2.00 (rcs-revision 1.1)

(C:\CTEX\MiKTeX\tex\generic\pgf\libraries\pgflibraryshapes.misc.code.tex
File: pgflibraryshapes.misc.code.tex 2008/02/12 v2.00 (rcs-revision 1.10)
))
(C:\CTEX\MiKTeX\tex\generic\pgf\frontendlayer\tikz\libraries\tikzlibraryshapes.
symbols.code.tex
File: tikzlibraryshapes.symbols.code.tex 2008/01/09 v2.00 (rcs-revision 1.1)

(C:\CTEX\MiKTeX\tex\generic\pgf\libraries\pgflibraryshapes.symbols.code.tex
File: pgflibraryshapes.symbols.code.tex 2008/01/30 v2.00 (rcs-revision 1.13)
))
(C:\CTEX\MiKTeX\tex\generic\pgf\frontendlayer\tikz\libraries\tikzlibraryshapes.
arrows.code.tex
File: tikzlibraryshapes.arrows.code.tex 2008/01/09 v2.00 (rcs-revision 1.1)

(C:\CTEX\MiKTeX\tex\generic\pgf\libraries\pgflibraryshapes.arrows.code.tex
File: pgflibraryshapes.arrows.code.tex 2007/11/10 v2.00 (rcs-revision 1.3)
))
(C:\CTEX\MiKTeX\tex\generic\pgf\frontendlayer\tikz\libraries\tikzlibraryshapes.
callouts.code.tex
(C:\CTEX\MiKTeX\tex\generic\pgf\libraries\pgflibraryshapes.callouts.code.tex))
(C:\CTEX\MiKTeX\tex\generic\pgf\frontendlayer\tikz\libraries\tikzlibraryshapes.
multipart.code.tex
File: tikzlibraryshapes.multipart.code.tex 2008/01/09 v2.00 (rcs-revision 1.1)

(C:\CTEX\MiKTeX\tex\generic\pgf\libraries\pgflibraryshapes.multipart.code.tex
File: pgflibraryshapes.multipart.code.tex 2008/01/15 v2.00 (rcs-revision 1.7)
\pgfnodepartlowerbox=\box47
\pgfnodepartsecondbox=\box48
\pgfnodepartthirdbox=\box49
\pgfnodepartfourthbox=\box50
)))
(C:\CTEX\MiKTeX\tex\generic\pgf\frontendlayer\tikz\libraries\tikzlibraryfit.cod
e.tex
File: tikzlibraryfit.code.tex 2008/02/06 v2.00 (rcs-revision 1.2)
)
(C:\CTEX\MiKTeX\tex\generic\pgf\frontendlayer\tikz\libraries\tikzlibraryshadows
.code.tex
File: tikzlibraryshadows.code.tex 2008/01/13 v2.00 (rcs-revision 1.3)

(C:\CTEX\MiKTeX\tex\generic\pgf\frontendlayer\tikz\libraries\tikzlibraryfadings
.code.tex
File: tikzlibraryfadings.code.tex 2008/01/09 v2.00 (rcs-revision 1.1)
 (C:\CTEX\MiKTeX\tex\generic\pgf\libraries\pgflibraryfadings.code.tex
File: pgflibraryfadings.code.tex 2008/02/07 v2.00 (rcs-revision 1.3)
)))
(C:\CTEX\MiKTeX\tex\generic\pgf\frontendlayer\tikz\libraries\tikzlibrarydecorat
ions.markings.code.tex
(C:\CTEX\MiKTeX\tex\generic\pgf\frontendlayer\tikz\libraries\tikzlibrarydecorat
ions.code.tex
(C:\CTEX\MiKTeX\tex\generic\pgf\modules\pgfmoduledecorations.code.tex
\pgfdecoratedcompleteddistance=\dimen174
\pgfdecoratedremainingdistance=\dimen175
\pgfdecoratedinputsegmentcompleteddistance=\dimen176
\pgfdecoratedinputsegmentremainingdistance=\dimen177
\pgf@decorate@distancetomove=\dimen178
\pgf@decorate@repeatstate=\count152
\pgfdecorationsegmentamplitude=\dimen179
\pgfdecorationsegmentlength=\dimen180
))
(C:\CTEX\MiKTeX\tex\generic\pgf\libraries\pgflibrarydecorations.markings.code.t
ex))
\pgf@layerbox@background=\box51
\pgf@layerboxsaved@background=\box52
\c@tikzumlPackageLayers=\count153
\pgf@layerbox@package0=\box53
\pgf@layerboxsaved@package0=\box54
\pgf@layerbox@package1=\box55
\pgf@layerboxsaved@package1=\box56
\pgf@layerbox@package2=\box57
\pgf@layerboxsaved@package2=\box58
\pgf@layerbox@package3=\box59
\pgf@layerboxsaved@package3=\box60
\c@tikzumlFragmentLayers=\count154
\pgf@layerbox@fragment0=\box61
\pgf@layerboxsaved@fragment0=\box62
\pgf@layerbox@fragment1=\box63
\pgf@layerboxsaved@fragment1=\box64
\pgf@layerbox@fragment2=\box65
\pgf@layerboxsaved@fragment2=\box66
\pgf@layerbox@fragment3=\box67
\pgf@layerboxsaved@fragment3=\box68
\c@tikzumlStateLayers=\count155
\pgf@layerbox@state0=\box69
\pgf@layerboxsaved@state0=\box70
\pgf@layerbox@state1=\box71
\pgf@layerboxsaved@state1=\box72
\pgf@layerbox@state2=\box73
\pgf@layerboxsaved@state2=\box74
\pgf@layerbox@state3=\box75
\pgf@layerboxsaved@state3=\box76
\pgf@layerbox@lifelines=\box77
\pgf@layerboxsaved@lifelines=\box78
\pgf@layerbox@activity=\box79
\pgf@layerboxsaved@activity=\box80
\pgf@layerbox@connections=\box81
\pgf@layerboxsaved@connections=\box82
\c@tikzumlPackageClassNum=\count156
\c@tikzumlPackageSubPackageNum=\count157
\c@tikzumlRelationNum=\count158
\c@tikzumlNoteNum=\count159
\c@pos=\count160
\c@posT=\count161
\c@posStereo=\count162
\c@tikzumlPackageLevel=\count163
\c@tikzumlSystemUseCaseNum=\count164
\c@tikzumlSystemLevel=\count165
\c@tikzumlUseCaseNum=\count166
\c@tikzumlActorNum=\count167
\c@tikzumlStateJoinNum=\count168
\c@tikzumlStateDecisionNum=\count169
\c@tikzumlStateInitialNum=\count170
\c@tikzumlStateFinalNum=\count171
\c@tikzumlStateEnterNum=\count172
\c@tikzumlStateExitNum=\count173
\c@tikzumlStateEndNum=\count174
\c@tikzumlStateHistoryNum=\count175
\c@tikzumlStateDeepHistoryNum=\count176
\c@tikzumlStateLevel=\count177
\c@tikzumlStateSubStateNum=\count178
\c@tikzumlObjectNum=\count179
\c@tikzumlCallLevel=\count180
\c@tikzumlCallNum=\count181
\c@tikzumlFragmentLevel=\count182
\c@tikzumlFragmentLevelNum=\count183
\c@tikzumlFragmentNum=\count184
\c@tikzumlFragmentPartNum=\count185
\c@tikzumlCallStartFragmentNum=\count186
\c@tikzumlCallEndFragmentNum=\count187
) (C:\CTEX\MiKTeX\tex\latex\ltxmisc\url.sty
\Urlmuskip=\muskip11
Package: url 2006/04/12  ver 3.3  Verb mode for urls, etc.
)
(C:\CTEX\MiKTeX\tex\latex\float\float.sty
Package: float 2001/11/08 v1.3d Float enhancements (AL)
\c@float@type=\count188
\float@exts=\toks29
\float@box=\box83
\@float@everytoks=\toks30
\@floatcapt=\box84
)
(C:\CTEX\MiKTeX\tex\generic\pgf\frontendlayer\tikz\libraries\tikzlibrarymindmap
.code.tex
File: tikzlibrarymindmap.code.tex 2008/02/10 v2.00 (rcs-revision 1.5)

(C:\CTEX\MiKTeX\tex\generic\pgf\frontendlayer\tikz\libraries\tikzlibrarytrees.c
ode.tex
File: tikzlibrarytrees.code.tex 2008/01/09 v2.00 (rcs-revision 1.1)
)) (C:\CTEX\MiKTeX\tex\latex\listings\lstlang1.sty
File: lstlang1.sty 2004/09/05 1.3 listings language file
)
(D:\ETH\Courses\Matlab\Project\share\doc\report\report.aux)
LaTeX Font Info:    Checking defaults for OML/cmm/m/it on input line 30.
LaTeX Font Info:    ... okay on input line 30.
LaTeX Font Info:    Checking defaults for T1/cmr/m/n on input line 30.
LaTeX Font Info:    ... okay on input line 30.
LaTeX Font Info:    Checking defaults for OT1/cmr/m/n on input line 30.
LaTeX Font Info:    ... okay on input line 30.
LaTeX Font Info:    Checking defaults for OMS/cmsy/m/n on input line 30.
LaTeX Font Info:    ... okay on input line 30.
LaTeX Font Info:    Checking defaults for OMX/cmex/m/n on input line 30.
LaTeX Font Info:    ... okay on input line 30.
LaTeX Font Info:    Checking defaults for U/cmr/m/n on input line 30.
LaTeX Font Info:    ... okay on input line 30.
LaTeX Font Info:    Checking defaults for TS1/cmr/m/n on input line 30.
LaTeX Font Info:    Try loading font information for TS1+cmr on input line 30.

(C:\CTEX\MiKTeX\tex\latex\base\ts1cmr.fd
File: ts1cmr.fd 1999/05/25 v2.5h Standard LaTeX font definitions
)
LaTeX Font Info:    ... okay on input line 30.

*geometry auto-detecting driver*
*geometry detected driver: pdftex*
-------------------- Geometry parameters
paper: letterpaper
landscape: --
twocolumn: --
twoside: --
asymmetric: --
h-parts: 92.14519pt, 0.7\paperwidth , 92.14519pt (default)
v-parts: 95.39737pt, 0.7\paperheight , 143.09605pt (default)
hmarginratio: 1:1
vmarginratio: 2:3
lines: --
heightrounded: --
bindingoffset: 0.0pt
truedimen: --
includehead: --
includefoot: --
includemp: --
driver: pdftex
-------------------- Page layout dimensions and switches
\paperwidth  614.295pt
\paperheight 794.96999pt
\textwidth  430.00462pt
\textheight 556.47656pt
\oddsidemargin  19.8752pt
\evensidemargin 19.8752pt
\topmargin  -13.87262pt
\headheight 12.0pt
\headsep    25.0pt
\footskip   30.0pt
\marginparwidth 59.0pt
\marginparsep   10.0pt
\columnsep  10.0pt
\skip\footins  10.0pt plus 4.0pt minus 2.0pt
\hoffset 0.0pt
\voffset 0.0pt
\mag 1000

(1in=72.27pt, 1cm=28.45pt)
-----------------------
(C:\CTEX\MiKTeX\tex\context\base\supp-pdf.tex
[Loading MPS to PDF converter (version 2006.09.02).]
\scratchcounter=\count189
\scratchdimen=\dimen181
\scratchbox=\box85
\nofMPsegments=\count190
\nofMParguments=\count191
\everyMPshowfont=\toks31
\MPscratchCnt=\count192
\MPscratchDim=\dimen182
\MPnumerator=\count193
\everyMPtoPDFconversion=\toks32
)
\c@lstlisting=\count194
\AtBeginShipoutBox=\box86
Package caption Info: Begin \AtBeginDocument code.
Package caption3 Info: subfig package 1.2 or 1.3 is loaded.
LaTeX Info: Redefining \subref on input line 30.
Package caption Info: float package is loaded.
Package caption Info: End \AtBeginDocument code.
 (D:\ETH\Courses\Matlab\Project\share\doc\report\cover.tex
Package epstopdf Info: Source file: <ETHlogo.eps>
(epstopdf)                    date: 2011-12-18 04:22:22
(epstopdf)                    size: 171343 bytes
(epstopdf)             Output file: <ETHlogo-eps-converted-to.pdf>
(epstopdf)                    date: 2011-12-18 14:07:02
(epstopdf)                    size: 14305 bytes
(epstopdf)             Command: <epstopdf --outfile=ETHlogo-eps-converted-to.pd
f ETHlogo.eps>
(epstopdf)             \includegraphics on input line 5.
Package epstopdf Info: Output file is already uptodate.

<ETHlogo-eps-converted-to.pdf, id=20, 179.67125pt x 45.16875pt>
File: ETHlogo-eps-converted-to.pdf Graphic file (type pdf)

<use ETHlogo-eps-converted-to.pdf>
LaTeX Font Info:    Try loading font information for U+msa on input line 34.
 (C:\CTEX\MiKTeX\tex\latex\amsfonts\umsa.fd
File: umsa.fd 2009/06/22 v3.00 AMS symbols A
)
LaTeX Font Info:    Try loading font information for U+msb on input line 34.

(C:\CTEX\MiKTeX\tex\latex\amsfonts\umsb.fd
File: umsb.fd 2009/06/22 v3.00 AMS symbols B
)) [1

{C:/CTEX/UserData/pdftex/config/pdftex.map{Unicode.sfd}{UGBK.sfd}} <D:/ETH/Cour
ses/Matlab/Project/share/doc/report/ETHlogo-eps-converted-to.pdf>]
Overfull \hbox (5.3226pt too wide) in paragraph at lines 56--72
 [] 
 []

[2] (D:\ETH\Courses\Matlab\Project\share\doc\report\report.toc)
\tf@toc=\write5
 [3]
Missing character: There is no . in font nullfont!
Missing character: There is no 0 in font nullfont!
Missing character: There is no . in font nullfont!
Missing character: There is no 0 in font nullfont!
Missing character: There is no . in font nullfont!
Missing character: There is no 0 in font nullfont!
Missing character: There is no . in font nullfont!
Missing character: There is no 0 in font nullfont!
Missing character: There is no . in font nullfont!
Missing character: There is no 0 in font nullfont!
Missing character: There is no . in font nullfont!
Missing character: There is no 0 in font nullfont!
Missing character: There is no . in font nullfont!
Missing character: There is no 0 in font nullfont!
Missing character: There is no . in font nullfont!
Missing character: There is no 0 in font nullfont!
Missing character: There is no . in font nullfont!
Missing character: There is no 0 in font nullfont!
Missing character: There is no . in font nullfont!
Missing character: There is no 0 in font nullfont!
Missing character: There is no . in font nullfont!
Missing character: There is no 0 in font nullfont!
Missing character: There is no . in font nullfont!
Missing character: There is no 0 in font nullfont!
Missing character: There is no . in font nullfont!
Missing character: There is no 0 in font nullfont!
Missing character: There is no . in font nullfont!
Missing character: There is no 0 in font nullfont!
Missing character: There is no . in font nullfont!
Missing character: There is no 0 in font nullfont!
Missing character: There is no . in font nullfont!
Missing character: There is no 0 in font nullfont!
Missing character: There is no . in font nullfont!
Missing character: There is no 0 in font nullfont!
Missing character: There is no . in font nullfont!
Missing character: There is no 0 in font nullfont!
Missing character: There is no . in font nullfont!
Missing character: There is no 0 in font nullfont!
Missing character: There is no . in font nullfont!
Missing character: There is no 0 in font nullfont!
Missing character: There is no . in font nullfont!
Missing character: There is no 0 in font nullfont!
Missing character: There is no . in font nullfont!
Missing character: There is no 0 in font nullfont!
Missing character: There is no . in font nullfont!
Missing character: There is no 0 in font nullfont!
Missing character: There is no . in font nullfont!
Missing character: There is no 0 in font nullfont!
Missing character: There is no . in font nullfont!
Missing character: There is no 0 in font nullfont!
Missing character: There is no . in font nullfont!
Missing character: There is no 0 in font nullfont!
Missing character: There is no . in font nullfont!
Missing character: There is no 0 in font nullfont!
Missing character: There is no . in font nullfont!
Missing character: There is no 0 in font nullfont!
Missing character: There is no . in font nullfont!
Missing character: There is no 0 in font nullfont!
Missing character: There is no . in font nullfont!
Missing character: There is no 0 in font nullfont!
Missing character: There is no . in font nullfont!
Missing character: There is no 0 in font nullfont!
Missing character: There is no . in font nullfont!
Missing character: There is no 0 in font nullfont!
Missing character: There is no . in font nullfont!
Missing character: There is no 0 in font nullfont!
Missing character: There is no . in font nullfont!
Missing character: There is no 0 in font nullfont!
Missing character: There is no . in font nullfont!
Missing character: There is no 0 in font nullfont!
Missing character: There is no . in font nullfont!
Missing character: There is no 0 in font nullfont!
Missing character: There is no . in font nullfont!
Missing character: There is no 0 in font nullfont!
Missing character: There is no . in font nullfont!
Missing character: There is no 0 in font nullfont!
Missing character: There is no . in font nullfont!
Missing character: There is no 0 in font nullfont!
Missing character: There is no . in font nullfont!
Missing character: There is no 0 in font nullfont!
Missing character: There is no . in font nullfont!
Missing character: There is no 0 in font nullfont!
Missing character: There is no . in font nullfont!
Missing character: There is no 0 in font nullfont!
Missing character: There is no . in font nullfont!
Missing character: There is no 0 in font nullfont!
Missing character: There is no . in font nullfont!
Missing character: There is no 0 in font nullfont!
 [4]
Overfull \hbox (13.02153pt too wide) in paragraph at lines 188--189
[][] 
 []

[5] [6] [7]
Overfull \hbox (7.47833pt too wide) in paragraph at lines 242--243
\OT1/cmr/m/n/12 Now we show an ex-am-ple based on the frame-work, specif-i-call
y, we im-ple-ment Thurner's
 []

[8]
Package epstopdf Info: Source file: <../figure/Thurner/avg_quality_100_0_0.eps>

(epstopdf)                    date: 2011-12-02 16:19:26
(epstopdf)                    size: 12751 bytes
(epstopdf)             Output file: <../figure/Thurner/avg_quality_100_0_0-eps-
converted-to.pdf>
(epstopdf)                    date: 2011-12-16 19:19:54
(epstopdf)                    size: 5957 bytes
(epstopdf)             Command: <epstopdf --outfile=../figure/Thurner/avg_quali
ty_100_0_0-eps-converted-to.pdf ../figure/Thurner/avg_quality_100_0_0.eps>
(epstopdf)             \includegraphics on input line 249.
Package epstopdf Info: Output file is already uptodate.

<../figure/Thurner/avg_quality_100_0_0-eps-converted-to.pdf, id=73, 519.9425pt 
x 406.51875pt>
File: ../figure/Thurner/avg_quality_100_0_0-eps-converted-to.pdf Graphic file (
type pdf)

<use ../figure/Thurner/avg_quality_100_0_0-eps-converted-to.pdf>
Package epstopdf Info: Source file: <../figure/Thurner/accept_quality_100_0_0.e
ps>
(epstopdf)                    date: 2011-12-02 17:52:47
(epstopdf)                    size: 24335 bytes
(epstopdf)             Output file: <../figure/Thurner/accept_quality_100_0_0-e
ps-converted-to.pdf>
(epstopdf)                    date: 2011-12-16 19:19:54
(epstopdf)                    size: 5634 bytes
(epstopdf)             Command: <epstopdf --outfile=../figure/Thurner/accept_qu
ality_100_0_0-eps-converted-to.pdf ../figure/Thurner/accept_quality_100_0_0.eps
>
(epstopdf)             \includegraphics on input line 251.
Package epstopdf Info: Output file is already uptodate.

<../figure/Thurner/accept_quality_100_0_0-eps-converted-to.pdf, id=74, 524.9612
4pt x 406.51875pt>
File: ../figure/Thurner/accept_quality_100_0_0-eps-converted-to.pdf Graphic fil
e (type pdf)

<use ../figure/Thurner/accept_quality_100_0_0-eps-converted-to.pdf>
Package epstopdf Info: Source file: <../figure/Thurner/avg_quality_90_0_10.eps>

(epstopdf)                    date: 2011-12-02 16:19:26
(epstopdf)                    size: 12714 bytes
(epstopdf)             Output file: <../figure/Thurner/avg_quality_90_0_10-eps-
converted-to.pdf>
(epstopdf)                    date: 2011-12-16 19:19:54
(epstopdf)                    size: 5838 bytes
(epstopdf)             Command: <epstopdf --outfile=../figure/Thurner/avg_quali
ty_90_0_10-eps-converted-to.pdf ../figure/Thurner/avg_quality_90_0_10.eps>
(epstopdf)             \includegraphics on input line 260.
Package epstopdf Info: Output file is already uptodate.

<../figure/Thurner/avg_quality_90_0_10-eps-converted-to.pdf, id=75, 519.9425pt 
x 406.51875pt>
File: ../figure/Thurner/avg_quality_90_0_10-eps-converted-to.pdf Graphic file (
type pdf)

<use ../figure/Thurner/avg_quality_90_0_10-eps-converted-to.pdf>
Package epstopdf Info: Source file: <../figure/Thurner/accept_quality_90_0_10.e
ps>
(epstopdf)                    date: 2011-12-02 17:51:18
(epstopdf)                    size: 24257 bytes
(epstopdf)             Output file: <../figure/Thurner/accept_quality_90_0_10-e
ps-converted-to.pdf>
(epstopdf)                    date: 2011-12-16 19:19:55
(epstopdf)                    size: 5586 bytes
(epstopdf)             Command: <epstopdf --outfile=../figure/Thurner/accept_qu
ality_90_0_10-eps-converted-to.pdf ../figure/Thurner/accept_quality_90_0_10.eps
>
(epstopdf)             \includegraphics on input line 262.
Package epstopdf Info: Output file is already uptodate.

<../figure/Thurner/accept_quality_90_0_10-eps-converted-to.pdf, id=76, 524.9612
4pt x 406.51875pt>
File: ../figure/Thurner/accept_quality_90_0_10-eps-converted-to.pdf Graphic fil
e (type pdf)

<use ../figure/Thurner/accept_quality_90_0_10-eps-converted-to.pdf> [9 <D:/ETH/
Courses/Matlab/Project/share/doc/figure/Thurner/avg_quality_100_0_0-eps-convert
ed-to.pdf> <D:/ETH/Courses/Matlab/Project/share/doc/figure/Thurner/accept_quali
ty_100_0_0-eps-converted-to.pdf>]
Package epstopdf Info: Source file: <../figure/Thurner/no_network_comparison.ep
s>
(epstopdf)                    date: 2011-12-03 12:23:37
(epstopdf)                    size: 14543 bytes
(epstopdf)             Output file: <../figure/Thurner/no_network_comparison-ep
s-converted-to.pdf>
(epstopdf)                    date: 2011-12-16 19:19:55
(epstopdf)                    size: 5891 bytes
(epstopdf)             Command: <epstopdf --outfile=../figure/Thurner/no_networ
k_comparison-eps-converted-to.pdf ../figure/Thurner/no_network_comparison.eps>
(epstopdf)             \includegraphics on input line 271.
Package epstopdf Info: Output file is already uptodate.

<../figure/Thurner/no_network_comparison-eps-converted-to.pdf, id=86, 509.905pt
 x 406.51875pt>
File: ../figure/Thurner/no_network_comparison-eps-converted-to.pdf Graphic file
 (type pdf)

<use ../figure/Thurner/no_network_comparison-eps-converted-to.pdf>
Package epstopdf Info: Source file: <../figure/Thurner/network_comparison.eps>
(epstopdf)                    date: 2011-12-17 15:13:59
(epstopdf)                    size: 12120 bytes
(epstopdf)             Output file: <../figure/Thurner/network_comparison-eps-c
onverted-to.pdf>
(epstopdf)                    date: 2011-12-17 15:14:29
(epstopdf)                    size: 5224 bytes
(epstopdf)             Command: <epstopdf --outfile=../figure/Thurner/network_c
omparison-eps-converted-to.pdf ../figure/Thurner/network_comparison.eps>
(epstopdf)             \includegraphics on input line 281.
Package epstopdf Info: Output file is already uptodate.

<../figure/Thurner/network_comparison-eps-converted-to.pdf, id=87, 509.905pt x 
406.51875pt>
File: ../figure/Thurner/network_comparison-eps-converted-to.pdf Graphic file (t
ype pdf)
 <use ../figure/Thurner/network_comparison-eps-converted-to.pdf>
[10 <D:/ETH/Courses/Matlab/Project/share/doc/figure/Thurner/avg_quality_90_0_10
-eps-converted-to.pdf> <D:/ETH/Courses/Matlab/Project/share/doc/figure/Thurner/
accept_quality_90_0_10-eps-converted-to.pdf> <D:/ETH/Courses/Matlab/Project/sha
re/doc/figure/Thurner/no_network_comparison-eps-converted-to.pdf>]
Package epstopdf Info: Source file: <../figure/Thurner/journal_comparison.eps>
(epstopdf)                    date: 2011-12-17 15:17:21
(epstopdf)                    size: 12353 bytes
(epstopdf)             Output file: <../figure/Thurner/journal_comparison-eps-c
onverted-to.pdf>
(epstopdf)                    date: 2011-12-17 15:17:39
(epstopdf)                    size: 5422 bytes
(epstopdf)             Command: <epstopdf --outfile=../figure/Thurner/journal_c
omparison-eps-converted-to.pdf ../figure/Thurner/journal_comparison.eps>
(epstopdf)             \includegraphics on input line 291.
Package epstopdf Info: Output file is already uptodate.

<../figure/Thurner/journal_comparison-eps-converted-to.pdf, id=101, 509.905pt x
 406.51875pt>
File: ../figure/Thurner/journal_comparison-eps-converted-to.pdf Graphic file (t
ype pdf)
 <use ../figure/Thurner/journal_comparison-eps-converted-to.pdf>
Package epstopdf Info: Source file: <../figure/Thurner/acc_num_100_0_0_0.eps>
(epstopdf)                    date: 2011-12-05 12:13:20
(epstopdf)                    size: 17839 bytes
(epstopdf)             Output file: <../figure/Thurner/acc_num_100_0_0_0-eps-co
nverted-to.pdf>
(epstopdf)                    date: 2011-12-18 12:25:49
(epstopdf)                    size: 8419 bytes
(epstopdf)             Command: <epstopdf --outfile=../figure/Thurner/acc_num_1
00_0_0_0-eps-converted-to.pdf ../figure/Thurner/acc_num_100_0_0_0.eps>
(epstopdf)             \includegraphics on input line 301.
Package epstopdf Info: Output file is already uptodate.

<../figure/Thurner/acc_num_100_0_0_0-eps-converted-to.pdf, id=102, 497.86pt x 4
04.51125pt>
File: ../figure/Thurner/acc_num_100_0_0_0-eps-converted-to.pdf Graphic file (ty
pe pdf)
 <use ../figure/Thurner/acc_num_100_0_0_0-eps-converted-to.pdf>
[11 <D:/ETH/Courses/Matlab/Project/share/doc/figure/Thurner/network_comparison-
eps-converted-to.pdf> <D:/ETH/Courses/Matlab/Project/share/doc/figure/Thurner/j
ournal_comparison-eps-converted-to.pdf>] [12 <D:/ETH/Courses/Matlab/Project/sha
re/doc/figure/Thurner/acc_num_100_0_0_0-eps-converted-to.pdf>]
(D:\ETH\Courses\Matlab\Project\share\doc\report\report.bbl) [13]
(D:\ETH\Courses\Matlab\Project\share\code\OO\common\World.m
LaTeX Font Info:    Try loading font information for OML+pcr on input line 23.

(C:\CTEX\MiKTeX\tex\latex\psnfss\omlpcr.fd
File: omlpcr.fd 
)
LaTeX Font Info:    Font shape `OML/pcr/m/n' in size <9> not available
(Font)              Font shape `OML/cmm/m/it' tried instead on input line 23.
 [14])
(D:\ETH\Courses\Matlab\Project\share\code\OO\common\Simulator.m)
(D:\ETH\Courses\Matlab\Project\share\code\OO\common\Scientist.m [15] [16])
(D:\ETH\Courses\Matlab\Project\share\code\OO\common\Journal.m [17])
(D:\ETH\Courses\Matlab\Project\share\code\OO\common\Paper.m
LaTeX Font Info:    Try loading font information for TS1+pcr on input line 4.

(C:\CTEX\MiKTeX\tex\latex\psnfss\ts1pcr.fd
File: ts1pcr.fd 2001/06/04 font definitions for TS1/pcr.
) [18])
(D:\ETH\Courses\Matlab\Project\share\code\OO\common\Producer.m [19])
(D:\ETH\Courses\Matlab\Project\share\code\OO\common\Submitter.m [20])
(D:\ETH\Courses\Matlab\Project\share\code\OO\common\Reviewer.m [21])
(D:\ETH\Courses\Matlab\Project\share\code\OO\Thurner\ThurnerModel.m [22])
(D:\ETH\Courses\Matlab\Project\share\code\OO\Thurner\ThurnerWorld.m [23]
Overfull \hbox (8.2713pt too wide) in paragraph at lines 91--92
[][][][][][][][][]  
 []

[24]
Overfull \hbox (2.87125pt too wide) in paragraph at lines 94--95
[][][][][][][][][]  
 []


Overfull \hbox (13.67136pt too wide) in paragraph at lines 97--98
[][][][][][][][][]  
 []


Overfull \hbox (24.47128pt too wide) in paragraph at lines 106--107
[][][][][][][][][][] 
 []

) (D:\ETH\Courses\Matlab\Project\share\code\OO\Thurner\ThurnerSimulator.m
[25] [26]
LaTeX Font Info:    Try loading font information for OMS+pcr on input line 72.
 (C:\CTEX\MiKTeX\tex\latex\psnfss\omspcr.fd
File: omspcr.fd 
)
LaTeX Font Info:    Font shape `OMS/pcr/m/n' in size <9> not available
(Font)              Font shape `OMS/cmsy/m/n' tried instead on input line 72.
)
(D:\ETH\Courses\Matlab\Project\share\code\OO\Thurner\ThurnerScientist.m
[27]) (D:\ETH\Courses\Matlab\Project\share\code\OO\Thurner\ThurnerPaper.m
[28]) (D:\ETH\Courses\Matlab\Project\share\code\OO\Thurner\GaussianProducer.m
[29]) (D:\ETH\Courses\Matlab\Project\share\code\OO\Thurner\NaiveSubmitter.m
[30]) (D:\ETH\Courses\Matlab\Project\share\code\OO\Thurner\RandomReviewer.m
[31] [32] [33]) [34] (D:\ETH\Courses\Matlab\Project\share\doc\report\report.aux
) ) 
Here is how much of TeX's memory you used:
 17567 strings out of 495285
 315776 string characters out of 3181587
 556134 words of memory out of 3000000
 20303 multiletter control sequences out of 15000+200000
 16875 words of font info for 66 fonts, out of 3000000 for 9000
 14 hyphenation exceptions out of 8191
 47i,12n,78p,2125b,1440s stack positions out of 5000i,500n,10000p,200000b,50000s
{C:/CTEX/MiKTeX/fonts/enc/dvips/fontname/8r.enc}<C:/CTEX/MiKTeX/fonts/type1/
public/amsfonts/cm/cmbx10.pfb><C:/CTEX/MiKTeX/fonts/type1/public/amsfonts/cm/cm
bx12.pfb><C:/CTEX/MiKTeX/fonts/type1/public/amsfonts/cm/cmmi10.pfb><C:/CTEX/MiK
TeX/fonts/type1/public/amsfonts/cm/cmmi12.pfb><C:/CTEX/MiKTeX/fonts/type1/publi
c/amsfonts/cm/cmmi8.pfb><C:/CTEX/MiKTeX/fonts/type1/public/amsfonts/cm/cmmi9.pf
b><C:/CTEX/MiKTeX/fonts/type1/public/amsfonts/cm/cmr10.pfb><C:/CTEX/MiKTeX/font
s/type1/public/amsfonts/cm/cmr12.pfb><C:/CTEX/MiKTeX/fonts/type1/public/amsfont
s/cm/cmr17.pfb><C:/CTEX/MiKTeX/fonts/type1/public/amsfonts/cm/cmr6.pfb><C:/CTEX
/MiKTeX/fonts/type1/public/amsfonts/cm/cmr8.pfb><C:/CTEX/MiKTeX/fonts/type1/pub
lic/amsfonts/cm/cmr9.pfb><C:/CTEX/MiKTeX/fonts/type1/public/amsfonts/cm/cmsy10.
pfb><C:/CTEX/MiKTeX/fonts/type1/public/amsfonts/cm/cmsy6.pfb><C:/CTEX/MiKTeX/fo
nts/type1/public/amsfonts/cm/cmsy9.pfb><C:/CTEX/MiKTeX/fonts/type1/public/amsfo
nts/cm/cmti12.pfb><C:/CTEX/MiKTeX/fonts/type1/public/amsfonts/cm/cmtt12.pfb><C:
/CTEX/MiKTeX/fonts/type1/urw/courier/ucrr8a.pfb>
Output written on report.pdf (34 pages, 365154 bytes).
PDF statistics:
 255 PDF objects out of 1000 (max. 8388607)
 0 named destinations out of 1000 (max. 500000)
 190 words of extra memory for PDF output out of 10000 (max. 10000000)

